{"level":"info","message":"Sign in request by Super","timestamp":"2023-04-28T04:30:46.168Z"}
{"level":"\u001b[32minfo\u001b[39m","message":"Sign in request by Super","timestamp":"2023-04-28T04:34:04.965Z"}
{"level":"\u001b[32minfo\u001b[39m","message":"Sign in request by Super","timestamp":"2023-04-28T04:37:12.982Z"}
{"level":"info","message":"Sign in request by Super","timestamp":"2023-04-28T04:39:02.856Z"}
{"level":"info","message":"Sign in request by Super","timestamp":"2023-Apr-28 10:13:11"}
{"level":"info","message":"Sign in request by 2078577","timestamp":"2023-04-28 11:11:28"}
{"level":"info","message":"Sign in request by 2078577","timestamp":"2023-04-28 12:29:57"}
{"level":"info","message":"Sign in request by 2078577","timestamp":"2023-04-28 12:39:20"}
{"level":"info","message":"Sign in request by 2078577","timestamp":"2023-04-28 12:41:05"}
{"level":"info","message":"Sign in request by 2078577","timestamp":"2023-05-03 08:56:18"}
{"level":"info","message":"Sign in request by 2078577 and login success","timestamp":"2023-05-03 10:28:13"}
{"level":"info","message":"Sign in request by Super and login success","timestamp":"2023-05-03 13:47:33"}
{"level":"info","message":"Sign in request by Super and login success","timestamp":"2023-05-08 10:15:53"}
{"level":"info","message":"Sign in request by Super and login success","timestamp":"2023-05-08 10:16:28"}
{"level":"info","message":"Sign in request by Super and login success","timestamp":"2023-05-08 10:16:54"}
{"level":"info","message":"Sign in request by Super and login success","timestamp":"2023-05-08 10:36:57"}
{"level":"info","message":"Sign in request by Super and login success","timestamp":"2023-05-08 10:37:05"}
{"level":"info","message":"Sign in request by Super and login success","timestamp":"2023-05-08 10:37:57"}
{"level":"info","message":"Sign in request by Super and login success","timestamp":"2023-05-08 10:40:57"}
{"level":"info","message":"Sign in request by Super and login success","timestamp":"2023-05-08 10:43:47"}
{"level":"info","message":"Sign in request by Super and login success","timestamp":"2023-05-08 10:44:42"}
{"level":"info","message":"Sign in request by Super and login success","timestamp":"2023-05-08 10:47:48"}
{"level":"info","message":"Sign in request by Super and login success","timestamp":"2023-05-08 10:50:11"}
{"level":"info","message":"Sign in request by Super and login success","timestamp":"2023-05-08 10:53:48"}
{"level":"info","message":"Sign in request by Super and login success","timestamp":"2023-05-08 10:53:56"}
{"level":"info","message":"Sign in request by Super and login success","timestamp":"2023-05-08 11:02:54"}
{"level":"info","message":"Sign in request by Super and login success","timestamp":"2023-05-08 11:03:35"}
{"level":"info","message":"Sign in request by Super and login success","timestamp":"2023-05-08 11:04:12"}
{"level":"info","message":"Sign in request by Super and login success","timestamp":"2023-05-08 11:16:36"}
{"level":"info","message":"Sign in request by Super and login success","timestamp":"2023-05-08 11:41:22"}
{"level":"info","message":"Sign in request by Super and login success","timestamp":"2023-05-08 11:59:26"}
{"level":"info","message":"Sign in request by Super and login success","timestamp":"2023-05-08 12:12:40"}
{"level":"error","message":"error","timestamp":"2023-05-08 12:12:50"}
{"level":"info","message":"Sign in request by Super and login success","timestamp":"2023-05-08 12:13:03"}
{"level":"error","message":"error","timestamp":"2023-05-08 12:13:03"}
{"level":"info","message":"Sign in request by Super and login success","timestamp":"2023-05-08 12:14:22"}
{"level":"error","message":"error","timestamp":"2023-05-08 12:14:49"}
{"level":"info","message":"Sign in request by Super and login success","timestamp":"2023-05-08 12:16:23"}
{"level":"error","message":"error","timestamp":"2023-05-08 12:16:23"}
{"level":"info","message":"Sign in request by Super and login success","timestamp":"2023-05-08 12:17:15"}
{"level":"error","message":"error","timestamp":"2023-05-08 12:17:15"}
{"level":"info","message":"Sign in request by Super and login success","timestamp":"2023-05-08 12:17:51"}
{"level":"error","message":"error","timestamp":"2023-05-08 12:17:51"}
{"level":"info","message":"Sign in request by Super and login success","timestamp":"2023-05-08 12:19:33"}
{"level":"error","message":"error","timestamp":"2023-05-08 12:19:33"}
{"level":"info","message":"Sign in request by Super and login success","timestamp":"2023-05-08 12:20:26"}
{"level":"error","message":"error","timestamp":"2023-05-08 12:20:36"}
{"level":"info","message":"Sign in request by Super and login success","timestamp":"2023-05-08 12:21:04"}
{"level":"error","message":"error","timestamp":"2023-05-08 12:21:04"}
{"level":"info","message":"Sign in request by Super and login success","timestamp":"2023-05-08 12:21:19"}
{"level":"error","message":"error","timestamp":"2023-05-08 12:21:19"}
{"level":"info","message":"Sign in request by Super and login success","timestamp":"2023-05-08 12:21:56"}
{"level":"error","message":"error","timestamp":"2023-05-08 12:21:56"}
{"level":"info","message":"Sign in request by Super and login success","timestamp":"2023-05-08 12:22:53"}
{"level":"error","message":"error","timestamp":"2023-05-08 12:46:23"}
{"level":"info","message":"Sign in request by Super and login success","timestamp":"2023-05-08 12:48:39"}
{"level":"error","message":"error","timestamp":"2023-05-08 12:49:19"}
{"level":"info","message":"Sign in request by Super and login success","timestamp":"2023-05-08 12:52:55"}
{"level":"error","message":"error","timestamp":"2023-05-08 12:53:32"}
{"level":"info","message":"Sign in request by Super and login success","timestamp":"2023-05-08 12:54:02"}
{"level":"error","message":"error","timestamp":"2023-05-08 12:54:10"}
{"level":"info","message":"Sign in request by Super and login success","timestamp":"2023-05-08 12:54:52"}
{"level":"error","message":"error","timestamp":"2023-05-08 12:55:34"}
{"level":"info","message":"Sign in request by Super and login success","timestamp":"2023-05-08 12:55:47"}
{"level":"info","message":"Sign in request by Super and login success","timestamp":"2023-05-08 12:56:36"}
{"level":"info","message":"Sign in request by Super and login success","timestamp":"2023-05-08 12:58:52"}
{"level":"info","message":"Sign in request by Super and login success","timestamp":"2023-05-08 13:04:14"}
{"level":"info","message":"Sign in request by Super and login success","timestamp":"2023-05-08 13:13:43"}
{"level":"info","message":"Sign in request by Super and login success","timestamp":"2023-05-08 13:15:12"}
{"level":"info","message":"Sign in request by Super and login success","timestamp":"2023-05-08 13:23:40"}
{"level":"info","message":"Sign in request by Super and login success","timestamp":"2023-05-08 13:44:09"}
{"level":"info","message":"Sign in request by Super and login success","timestamp":"2023-05-08 14:45:28"}
{"level":"info","message":"Sign in request by Super and login success","timestamp":"2023-05-08 14:47:06"}
{"level":"info","message":"Sign in request by Super and login success","timestamp":"2023-05-08 15:10:40"}
{"level":"info","message":"Sign in request by Super and login success","timestamp":"2023-05-08 15:14:47"}
{"level":"info","message":"Sign in request by Super and login success","timestamp":"2023-05-08 15:15:56"}
{"level":"info","message":"Sign in request by Super and login success","timestamp":"2023-05-08 15:20:23"}
{"level":"info","message":"Sign in request by Super and login success","timestamp":"2023-05-08 15:24:04"}
{"level":"info","message":"Sign in request by Super and login success","timestamp":"2023-05-08 15:24:31"}
{"level":"info","message":"Sign in request by Super and login success","timestamp":"2023-05-08 15:26:38"}
{"level":"info","message":"Sign in request by Super and login success","timestamp":"2023-05-08 15:28:45"}
{"level":"info","message":"Sign in request by Super and login success","timestamp":"2023-05-08 15:29:04"}
{"level":"info","message":"Sign in request by Super and login success","timestamp":"2023-05-08 15:39:07"}
{"level":"info","message":"Sign in request by Super and login success","timestamp":"2023-05-08 15:43:09"}
{"level":"error","message":"error","timestamp":"2023-05-08 15:43:20"}
{"level":"info","message":"Sign in request by Super and login success","timestamp":"2023-05-08 15:43:24"}
{"level":"error","message":"error","timestamp":"2023-05-08 15:43:40"}
{"level":"info","message":"Sign in request by Super and login success","timestamp":"2023-05-08 15:44:36"}
{"level":"error","message":"error","timestamp":"2023-05-08 15:44:36"}
{"level":"info","message":"Sign in request by Super and login success","timestamp":"2023-05-08 15:46:46"}
{"level":"info","message":"Sign in request by Super and login success","timestamp":"2023-05-08 15:51:00"}
{"level":"info","message":"Sign in request by Super and login success","timestamp":"2023-05-08 15:52:49"}
{"level":"info","message":"Sign in request by Super and login success","timestamp":"2023-05-08 15:53:02"}
{"level":"info","message":"Sign in request by Super and login success","timestamp":"2023-05-08 15:53:28"}
{"level":"info","message":"Sign in request by Super and login success","timestamp":"2023-05-08 15:54:00"}
{"level":"info","message":"Sign in request by Super and login success","timestamp":"2023-05-08 16:04:03"}
{"level":"info","message":"Sign in request by Super and login success","timestamp":"2023-05-08 16:04:25"}
{"level":"info","message":"Sign in request by Super and login success","timestamp":"2023-05-08 16:05:34"}
{"level":"info","message":"Sign in request by Super and login success","timestamp":"2023-05-08 16:06:22"}
{"level":"info","message":"Sign in request by Super and login success","timestamp":"2023-05-09 12:28:28"}
{"level":"info","message":"Sign in request by Super and login success","timestamp":"2023-05-09 12:29:14"}
{"level":"info","message":"Sign in request by Super and login success","timestamp":"2023-05-09 13:07:24"}
{"level":"info","message":"Sign in request by Super and login success","timestamp":"2023-05-09 13:11:55"}
{"level":"info","message":"Sign in request by Super and login success","timestamp":"2023-05-09 13:20:12"}
{"level":"info","message":"Sign in request by Super and login success","timestamp":"2023-05-09 13:26:32"}
{"level":"info","message":"Sign in request by Super and login success","timestamp":"2023-05-09 13:26:49"}
{"level":"info","message":"Sign in request by Super and login success","timestamp":"2023-05-09 13:29:00"}
{"level":"info","message":"Sign in request by Super and login success","timestamp":"2023-05-09 13:29:22"}
{"level":"info","message":"Sign in request by Super and login success","timestamp":"2023-05-09 13:29:56"}
{"level":"info","message":"Sign in request by Super and login success","timestamp":"2023-05-09 13:31:04"}
{"level":"info","message":"Sign in request by Super and login success","timestamp":"2023-05-09 13:31:17"}
{"level":"info","message":"Sign in request by Super and login success","timestamp":"2023-05-09 13:32:14"}
{"level":"info","message":"Sign in request by Super and login success","timestamp":"2023-05-09 13:36:23"}
{"level":"info","message":"Sign in request by Super and login success","timestamp":"2023-05-09 13:41:45"}
{"level":"info","message":"Sign in request by Super and login success","timestamp":"2023-05-09 13:42:02"}
{"level":"info","message":"Sign in request by Super and login success","timestamp":"2023-05-09 13:44:14"}
{"level":"info","message":"Sign in request by Super and login success","timestamp":"2023-05-09 13:44:42"}
{"level":"info","message":"Sign in request by Super and login success","timestamp":"2023-05-09 13:49:03"}
{"level":"info","message":"Sign in request by Super and login success","timestamp":"2023-05-09 13:52:59"}
{"level":"info","message":"Sign in request by Super and login success","timestamp":"2023-05-09 13:54:08"}
{"level":"info","message":"Sign in request by Super and login success","timestamp":"2023-05-09 13:55:42"}
{"level":"info","message":"Sign in request by Super and login success","timestamp":"2023-05-09 14:21:29"}
{"level":"info","message":"Sign in request by Super and login success","timestamp":"2023-05-09 14:22:15"}
{"level":"info","message":"Sign in request by Super and login success","timestamp":"2023-05-09 14:25:16"}
{"level":"info","message":"Sign in request by Super and login success","timestamp":"2023-05-09 14:26:52"}
{"level":"info","message":"Sign in request by Super and login success","timestamp":"2023-05-09 14:27:02"}
{"level":"info","message":"Sign in request by Super and login success","timestamp":"2023-05-09 14:34:35"}
{"level":"info","message":"Sign in request by Super and login success","timestamp":"2023-05-09 14:35:54"}
{"level":"info","message":"Sign in request by Super and login success","timestamp":"2023-05-09 14:37:14"}
{"level":"info","message":"Sign in request by Super and login success","timestamp":"2023-05-09 14:42:44"}
{"level":"info","message":"Sign in request by Super and login success","timestamp":"2023-05-09 14:56:49"}
{"level":"info","message":"Sign in request by Super and login success","timestamp":"2023-05-09 14:57:02"}
{"level":"info","message":"Sign in request by Super and login success","timestamp":"2023-05-09 16:05:07"}
{"level":"info","message":"Sign in request by Super and login success","timestamp":"2023-05-09 16:05:16"}
{"level":"info","message":"Sign in request by Super and login success","timestamp":"2023-05-09 16:05:42"}
{"level":"info","message":"Sign in request by Super and login success","timestamp":"2023-05-09 16:06:38"}
{"level":"info","message":"Sign in request by Super and login success","timestamp":"2023-05-09 16:06:56"}
{"level":"info","message":"Sign in request by Super and login success","timestamp":"2023-05-09 16:08:32"}
{"level":"info","message":"Sign in request by Super and login success","timestamp":"2023-05-09 16:08:43"}
{"level":"info","message":"Sign in request by Super and login success","timestamp":"2023-05-09 16:08:51"}
{"level":"info","message":"Sign in request by Super and login success","timestamp":"2023-05-09 16:10:39"}
{"level":"info","message":"Sign in request by Super and login success","timestamp":"2023-05-09 16:11:26"}
{"level":"info","message":"Sign in request by Super and login success","timestamp":"2023-05-09 16:12:44"}
{"level":"info","message":"Sign in request by Super and login success","timestamp":"2023-05-10 10:38:43"}
{"level":"info","message":"Sign in request by Super and login success","timestamp":"2023-05-10 10:38:56"}
{"level":"info","message":"Sign in request by Super and login success","timestamp":"2023-05-10 10:39:36"}
{"level":"info","message":"Sign in request by Super and login success","timestamp":"2023-05-10 10:40:07"}
{"level":"info","message":"Sign in request by Super and login success","timestamp":"2023-05-10 10:40:18"}
{"level":"info","message":"Sign in request by Super and login success","timestamp":"2023-05-10 10:42:12"}
{"level":"info","message":"Sign in request by Super and login success","timestamp":"2023-05-10 10:54:05"}
{"level":"info","message":"Sign in request by Super and login success","timestamp":"2023-05-10 10:59:05"}
{"level":"info","message":"Sign in request by Super and login success","timestamp":"2023-05-10 11:09:32"}
{"level":"info","message":"Sign in request by Super and login success","timestamp":"2023-05-10 11:09:43"}
{"level":"info","message":"Sign in request by Super and login success","timestamp":"2023-05-10 11:22:03"}
{"level":"info","message":"Sign in request by Super and login success","timestamp":"2023-05-10 11:28:11"}
{"level":"info","message":"Sign in request by Super and login success","timestamp":"2023-05-10 12:16:51"}
{"level":"info","message":"Sign in request by Super and login success","timestamp":"2023-05-10 13:12:39"}
{"level":"info","message":"Sign in request by Super and login success","timestamp":"2023-05-10 13:12:54"}
{"level":"info","message":"Sign in request by Super and login success","timestamp":"2023-05-10 13:14:21"}
{"level":"info","message":"Sign in request by Super and login success","timestamp":"2023-05-10 13:15:57"}
{"level":"info","message":"Sign in request by Super and login success","timestamp":"2023-05-10 14:16:57"}
{"level":"info","message":"Sign in request by Super and login success","timestamp":"2023-05-10 14:19:05"}
{"level":"info","message":"Sign in request by Super and login success","timestamp":"2023-05-10 14:41:35"}
{"level":"info","message":"Sign in request by Super and login success","timestamp":"2023-05-10 14:42:53"}
{"level":"info","message":"Sign in request by Super and login success","timestamp":"2023-05-10 14:44:23"}
{"level":"info","message":"Sign in request by Super and login success","timestamp":"2023-05-10 14:47:42"}
{"level":"info","message":"Sign in request by Super and login success","timestamp":"2023-05-10 14:47:51"}
{"level":"info","message":"Sign in request by Super and login success","timestamp":"2023-05-10 14:49:39"}
{"level":"info","message":"Sign in request by Super and login success","timestamp":"2023-05-10 14:51:10"}
{"level":"info","message":"Sign in request by Super and login success","timestamp":"2023-05-10 14:52:29"}
{"level":"info","message":"Sign in request by Super and login success","timestamp":"2023-05-10 14:52:45"}
{"level":"info","message":"Sign in request by Super and login success","timestamp":"2023-05-10 14:53:52"}
{"level":"info","message":"Sign in request by Super and login success","timestamp":"2023-05-10 14:56:20"}
{"level":"info","message":"Sign in request by Super and login success","timestamp":"2023-05-11 11:53:39"}
{"level":"info","message":"Sign in request by Super and login success","timestamp":"2023-05-11 13:27:44"}
{"level":"info","message":"Sign in request by Super and login success","timestamp":"2023-05-11 13:59:39"}
{"level":"info","message":"Sign in request by Super and login success","timestamp":"2023-05-11 14:00:15"}
{"level":"info","message":"Sign in request by Super and login success","timestamp":"2023-05-11 14:04:43"}
{"level":"info","message":"Sign in request by Super and login success","timestamp":"2023-05-11 14:07:01"}
{"level":"info","message":"Sign in request by Super and login success","timestamp":"2023-05-11 14:09:24"}
{"level":"info","message":"Sign in request by Super and login success","timestamp":"2023-05-11 14:13:57"}
{"level":"info","message":"Sign in request by Super and login success","timestamp":"2023-05-11 14:15:05"}
{"level":"info","message":"Sign in request by Super and login success","timestamp":"2023-05-11 14:16:35"}
{"level":"info","message":"Sign in request by Super and login success","timestamp":"2023-05-12 09:36:37"}
{"level":"info","message":"Sign in request by Super and login success","timestamp":"2023-05-12 10:40:34"}
{"level":"info","message":"Sign in request by Super and login success","timestamp":"2023-05-12 10:44:00"}
{"level":"info","message":"Sign in request by Super and login success","timestamp":"2023-05-12 10:45:58"}
{"level":"info","message":"Sign in request by Super and login success","timestamp":"2023-05-12 10:51:48"}
{"level":"info","message":"Sign in request by Super and login success","timestamp":"2023-05-12 10:51:54"}
{"level":"info","message":"Sign in request by Super and login success","timestamp":"2023-05-12 11:34:47"}
{"level":"info","message":"Sign in request by Super and login success","timestamp":"2023-05-12 12:00:07"}
{"level":"info","message":"Sign in request by Super and login success","timestamp":"2023-05-12 12:10:05"}
{"level":"info","message":"Sign in request by Super and login success","timestamp":"2023-05-12 12:11:32"}
{"level":"info","message":"Sign in request by Super and login success","timestamp":"2023-05-12 12:12:05"}
{"level":"info","message":"Sign in request by Super and login success","timestamp":"2023-05-12 12:12:36"}
{"level":"info","message":"Sign in request by Super and login success","timestamp":"2023-05-12 12:19:42"}
{"level":"info","message":"Sign in request by Super and login success","timestamp":"2023-05-12 12:20:16"}
{"level":"info","message":"Sign in request by Super and login success","timestamp":"2023-05-12 12:48:03"}
{"level":"info","message":"Sign in request by Super and login success","timestamp":"2023-05-12 12:49:44"}
{"level":"info","message":"Sign in request by Super and login success","timestamp":"2023-05-12 12:52:55"}
{"level":"info","message":"Sign in request by Super and login success","timestamp":"2023-05-15 09:54:27"}
{"level":"info","message":"Sign in request by Super and login success","timestamp":"2023-05-15 14:42:13"}
{"level":"info","message":"Sign in request by Super and login success","timestamp":"2023-05-15 14:43:26"}
{"level":"info","message":"Sign in request by Super and login success","timestamp":"2023-05-15 14:59:15"}
{"level":"info","message":"Sign in request by Super and login success","timestamp":"2023-05-16 15:06:04"}
{"level":"info","message":"Sign in request by Super and login success","timestamp":"2023-05-16 15:18:05"}
{"level":"error","message":"error","timestamp":"2023-05-16 15:24:08"}
{"level":"error","message":"error","timestamp":"2023-05-16 15:24:17"}
{"level":"error","message":"error","timestamp":"2023-05-16 15:24:48"}
{"level":"error","message":"error","timestamp":"2023-05-16 15:26:06"}
{"level":"info","message":"Sign in request by Super and login success","timestamp":"2023-05-16 15:35:05"}
{"level":"info","message":"Sign in request by Super and login success","timestamp":"2023-05-16 15:38:07"}
{"level":"info","message":"Sign in request by Super and login success","timestamp":"2023-05-16 16:04:27"}
{"level":"info","message":"Sign in request by Super and login success","timestamp":"2023-05-16 21:36:30"}
{"level":"info","message":"Sign in request by Super and login success","timestamp":"2023-05-16 21:37:17"}
{"level":"info","message":"Sign in request by Super and login success","timestamp":"2023-05-17 15:18:48"}
{"level":"info","message":"Sign in request by Super and login success","timestamp":"2023-05-17 15:39:23"}
{"level":"info","message":"Sign in request by Super and login success","timestamp":"2023-05-17 15:47:10"}
{"level":"info","message":"Sign in request by Super and login success","timestamp":"2023-05-17 15:48:27"}
{"level":"info","message":"Sign in request by Super and login success","timestamp":"2023-05-17 15:52:21"}
{"level":"info","message":"Sign in request by Super and login success","timestamp":"2023-05-18 09:53:38"}
{"level":"info","message":"Sign in request by Super and login success","timestamp":"2023-05-18 11:47:48"}
{"level":"info","message":"Sign in request by Super and login success","timestamp":"2023-05-20 13:05:01"}
{"level":"info","message":"Sign in request by Super and login success","timestamp":"2023-05-21 22:41:38"}
{"level":"info","message":"Sign in request by Super and login success","timestamp":"2023-05-22 22:21:00"}
{"level":"info","message":"Sign in request by Super and login success","timestamp":"2023-05-22 22:59:20"}
{"level":"info","message":"Sign in request by Super and login success","timestamp":"2023-05-22 23:02:02"}
{"level":"info","message":"Sign in request by Super and login success","timestamp":"2023-05-22 23:07:16"}
{"level":"info","message":"Sign in request by Super and login success","timestamp":"2023-05-22 23:09:52"}
{"level":"info","message":"Sign in request by Super and login success","timestamp":"2023-05-22 23:13:03"}
{"level":"info","message":"Sign in request by Super and login success","timestamp":"2023-05-22 23:19:05"}
{"level":"info","message":"Sign in request by Super and login success","timestamp":"2023-05-22 23:59:49"}
{"level":"info","message":"Sign in request by Super and login success","timestamp":"2023-05-23 00:13:00"}
{"level":"info","message":"Sign in request by Super and login success","timestamp":"2023-05-23 08:42:31"}
{"level":"info","message":"Sign in request by Super and login success","timestamp":"2023-05-23 11:53:40"}
{"level":"info","message":"Sign in request by Super and login success","timestamp":"2023-05-23 14:19:12"}
{"level":"info","message":"Sign in request by Super and login success","timestamp":"2023-05-24 08:28:14"}
{"level":"info","message":"Sign in request by Super and login success","timestamp":"2023-05-24 13:18:31"}
{"level":"info","message":"Sign in request by Super and login success","timestamp":"2023-05-24 13:24:46"}
{"level":"info","message":"Sign in request by Super and login success","timestamp":"2023-05-24 14:27:15"}
{"level":"info","message":"Sign in request by Super and login success","timestamp":"2023-05-24 14:27:15"}
{"level":"info","message":"Sign in request by Super and login success","timestamp":"2023-05-24 15:15:44"}
{"level":"info","message":"Sign in request by Super and login success","timestamp":"2023-05-25 05:51:08"}
{"level":"info","message":"Sign in request by Super and login success","timestamp":"2023-05-25 11:52:35"}
{"level":"info","message":"Sign in request by Super and login success","timestamp":"2023-05-31 14:55:59"}
{"level":"info","message":"Sign in request by Super and login success","timestamp":"2023-06-05 12:49:57"}
{"level":"info","message":"Sign in request by Super and login success","timestamp":"2023-12-20 10:46:07"}
{"level":"info","message":"Sign in request by Super and login success","timestamp":"2023-12-20 10:46:25"}
{"level":"info","message":"Sign in request by Super and login success","timestamp":"2023-12-20 10:51:11"}
{"level":"info","message":"Sign in request by Super and login success","timestamp":"2023-12-20 10:56:39"}
{"level":"info","message":"Sign in request by Super and login success","timestamp":"2024-06-06 11:40:50"}
